WARNING:brokers.oanda_connector:USER OVERRIDE: OANDA is strictly locked to PRACTICE endpoints to prevent real money loss.
  тЬЕ Foundation/Charter imported and validated
  тЬЕ TradeManager initialized (hard_stop=$45)
  тЬЕ PreMarketScanner initialized
  тЬЕ CapitalRouter ready (activates after first NAV read)
  тД╣я╕П  QuantHedgeEngine disabled (RBOT_HEDGE_ENABLED=false)

============================================================
  RBOTZILLA OANDA CLEAN тАФ PRACTICE ENGINE
============================================================
  Engine Time   : 4/01/26 @ 14:13 EDT [4/01/26 @ 18:13 UTC]
  Timezone      : US Eastern (NYC/NYSE)
  Broker Time   : 4/01/26 @ 14:13 EDT [4/01/26 @ 18:13 UTC]
  Clock Sync    : тЬЕ SYNCED (drift -1426ms)
  Environment   : practice
  Endpoint      : https://api-fxpractice.oanda.com
  Account ID    : 101-001-31210531-002
  Balance       : $10,174.43
  Margin Used   : $4,090.30
  Broker Trades : 4
  OCO Enforced  : YES (SL+TP+TS mandatory on all orders)
  Pairs Scanning: 9
  Max Positions : 6
  Min Confidence: 65%
============================================================

  тЬЕ TRADE MANAGER ACTIVATED
  тЬЕ CapitalRouter RESTORED  initial=$6,780.71  watermark=$11,558.65  live=$10,195.82
  [SCAN] EUR_USD     MOM=тЬЧ  REV=тЬЧ  MR=тЬЧ  SC=тЬЧ
  [SCAN] GBP_USD     MOM=тЬЧ  REV=тЬЧ  MR=тЬЧ  SC=тЬЧ
  [SCAN] USD_JPY     MOM=тЬЧ  REV=тЬЧ  MR=тЬЧ  SC=тЬЧ
  [SCAN] USD_CHF     MOM=тЬЧ  REV=тЬЧ  MR=тЬЧ  SC=тЬЧ
  [SCAN] AUD_USD     MOM=тЬЧ  REV=тЬЧ  MR=тЬЧ  SC=тЬЧ
  [SCAN] USD_CAD     MOM=тЬЧ  REV=тЬЧ  MR=тЬЧ  SC=тЬЧ
  [SCAN] NZD_USD     MOM=тЬЧ  REV=тЬЧ  MR=тЬЧ  SC=тЬЧ
  [SCAN] EUR_JPY     MOM=тЬЧ  REV=83%тЬУ  MR=тЬЧ  SC=тЬЧ  тЖТ QUEUED [REVERSAL]
  ЁЯТм EUR_JPY: Reversal pattern spotted (83% confident) тАФ queuing a BUY
  [SCAN] GBP_JPY     MOM=тЬЧ  REV=тЬЧ  MR=тЬЧ  SC=тЬЧ
  ЁЯУЛ Qualified: 1 signal(s) тАФ EUR_JPY BUY reversal 83%
  ЁЯТм Scan complete: found 1 tradeable opportunity this minute. Best signals sorted by confidence тАФ placing now.
  [MANAGER] SYNCED  USD_JPY SELL  entry=158.716  sl=158.866  id=143587
  [MANAGER] SYNCED  AUD_USD BUY  entry=0.69322  sl=0.69164  id=143583
  [MANAGER] SYNCED  GBP_JPY SELL  entry=211.409  sl=211.577  id=143566
  [MANAGER] SYNCED  USD_CAD BUY  entry=1.38777  sl=1.38807  id=143535
  [CHOP MODE 14k] Slots open (4/12) тАФ rescanning in 60s
  [SCAN] EUR_USD     MOM=тЬЧ  REV=тЬЧ  MR=тЬЧ  SC=тЬЧ
  [SCAN] GBP_USD     MOM=тЬЧ  REV=тЬЧ  MR=тЬЧ  SC=тЬЧ
  [SCAN] USD_JPY     MOM=тЬЧ  REV=тЬЧ  MR=тЬЧ  SC=тЬЧ
  [SCAN] USD_CHF     MOM=тЬЧ  REV=тЬЧ  MR=тЬЧ  SC=тЬЧ
  [SCAN] AUD_USD     MOM=тЬЧ  REV=тЬЧ  MR=тЬЧ  SC=тЬЧ
  [SCAN] USD_CAD     MOM=тЬЧ  REV=тЬЧ  MR=тЬЧ  SC=тЬЧ
  [SCAN] NZD_USD     MOM=тЬЧ  REV=тЬЧ  MR=тЬЧ  SC=тЬЧ
  [SCAN] EUR_JPY     MOM=тЬЧ  REV=83%тЬУ  MR=тЬЧ  SC=тЬЧ  тЖТ QUEUED [REVERSAL]
  ЁЯТм EUR_JPY: Reversal pattern spotted (83% confident) тАФ queuing a BUY
  [SCAN] GBP_JPY     MOM=тЬЧ  REV=тЬЧ  MR=тЬЧ  SC=тЬЧ
  ЁЯУЛ Qualified: 1 signal(s) тАФ EUR_JPY BUY reversal 83%
  ЁЯТм Scan complete: found 1 tradeable opportunity this minute. Best signals sorted by confidence тАФ placing now.
  [CHOP MODE 14k] Slots open (4/12) тАФ rescanning in 60s
  [SCAN] EUR_USD     MOM=тЬЧ  REV=тЬЧ  MR=тЬЧ  SC=тЬЧ
  [SCAN] GBP_USD     MOM=тЬЧ  REV=73%тЬУ  MR=тЬЧ  SC=тЬЧ  тЖТ QUEUED [REVERSAL]
  ЁЯТм GBP_USD: Reversal pattern spotted (73% confident) тАФ queuing a BUY
  [SCAN] USD_JPY     MOM=тЬЧ  REV=тЬЧ  MR=тЬЧ  SC=тЬЧ
  [SCAN] USD_CHF     MOM=тЬЧ  REV=тЬЧ  MR=тЬЧ  SC=тЬЧ
  [SCAN] AUD_USD     MOM=тЬЧ  REV=78%тЬУ  MR=тЬЧ  SC=тЬЧ  тЖТ QUEUED [REVERSAL]
  ЁЯТм AUD_USD: Reversal pattern spotted (78% confident) тАФ queuing a BUY
  [SCAN] USD_CAD     MOM=тЬЧ  REV=тЬЧ  MR=тЬЧ  SC=тЬЧ
  [SCAN] NZD_USD     MOM=тЬЧ  REV=тЬЧ  MR=тЬЧ  SC=тЬЧ
  [SCAN] EUR_JPY     MOM=тЬЧ  REV=тЬЧ  MR=тЬЧ  SC=тЬЧ
  [SCAN] GBP_JPY     MOM=тЬЧ  REV=тЬЧ  MR=тЬЧ  SC=88%тЬУ  тЖТ QUEUED [SCALP]
  ЁЯТм GBP_JPY: Quick entry opportunity found (88% confident) тАФ queuing a SELL
  ЁЯУЛ Qualified: 3 signal(s) тАФ GBP_USD BUY reversal 73%  , AUD_USD BUY reversal 78%  , GBP_JPY SELL scalp 88%
  ЁЯТм Scan complete: found 3 tradeable opportunities this minute. Best signals sorted by confidence тАФ placing now.
  CANDIDATE  GBP_USD BUY conf=73.0% (1v)
  тЖТ Placing  GBP_USD BUY conf=73.0%
  ЁЯТм GBP_USD: Checks passed тАФ submitting BUY (going long) order to broker now.
  тЬУ OPENED   GBP_USD BUY [REVERSAL M15] trap_reversal  id=143599
  ЁЯТм тЬЕ Trade open! GBP_USD buying 26,000 units. Stop-loss in 15 pips, take-profit in 35 pips. Trailing stop active. OCO protection set.
  [MANAGER] SYNCED  GBP_USD BUY  entry=1.33073  sl=1.32904  id=143599
  [CHOP MODE 14k] Slots open (5/12) тАФ rescanning in 60s
  [SCAN] EUR_USD     MOM=тЬЧ  REV=75%тЬУ  MR=тЬЧ  SC=тЬЧ  тЖТ QUEUED [REVERSAL]
  ЁЯТм EUR_USD: Reversal pattern spotted (75% confident) тАФ queuing a BUY
  [SCAN] GBP_USD     MOM=тЬЧ  REV=тЬЧ  MR=тЬЧ  SC=тЬЧ
  [SCAN] USD_JPY     MOM=тЬЧ  REV=тЬЧ  MR=тЬЧ  SC=тЬЧ
  [SCAN] USD_CHF     MOM=тЬЧ  REV=82%тЬУ  MR=тЬЧ  SC=тЬЧ  тЖТ QUEUED [REVERSAL]
  ЁЯТм USD_CHF: Reversal pattern spotted (82% confident) тАФ queuing a SELL
  [SCAN] AUD_USD     MOM=тЬЧ  REV=тЬЧ  MR=тЬЧ  SC=тЬЧ
  [SCAN] USD_CAD     MOM=тЬЧ  REV=тЬЧ  MR=тЬЧ  SC=тЬЧ
  [SCAN] NZD_USD     MOM=тЬЧ  REV=тЬЧ  MR=тЬЧ  SC=тЬЧ
  [SCAN] EUR_JPY     MOM=тЬЧ  REV=тЬЧ  MR=тЬЧ  SC=тЬЧ
  [SCAN] GBP_JPY     MOM=тЬЧ  REV=тЬЧ  MR=тЬЧ  SC=88%тЬУ  тЖТ QUEUED [SCALP]
  ЁЯТм GBP_JPY: Quick entry opportunity found (88% confident) тАФ queuing a SELL
  ЁЯУЛ Qualified: 3 signal(s) тАФ EUR_USD BUY reversal 75%  , USD_CHF SELL reversal 82%  , GBP_JPY SELL scalp 88%
  ЁЯТм Scan complete: found 3 tradeable opportunities this minute. Best signals sorted by confidence тАФ placing now.
  CANDIDATE  EUR_USD BUY conf=74.9% (2v)
  тЖТ Placing  EUR_USD BUY conf=74.9%
  ЁЯТм EUR_USD: Checks passed тАФ submitting BUY (going long) order to broker now.
  тЬУ OPENED   EUR_USD BUY [REVERSAL M15] trap_reversal+rsi_extreme  id=143604
  ЁЯТм тЬЕ Trade open! EUR_USD buying 26,000 units. Stop-loss in 15 pips, take-profit in 35 pips. Trailing stop active. OCO protection set.
  [ROUTER] REALLOC  close GBP_JPY(143566) тЖТ open EUR_USD BUY (47.8% improvement)
  [MANAGER] SYNCED  EUR_USD BUY  entry=1.1589  sl=1.15732  id=143604
  [PAIR_STATS] GBP_JPY  WIN +20.7p  | W/L: 1/4 (20%)  Net: -12.6p
  [MANAGER] CLOSED  GBP_JPY  id=143566
  [CHOP MODE 14k] Slots open (5/12) тАФ rescanning in 60s
  [SCAN] EUR_USD     MOM=тЬЧ  REV=тЬЧ  MR=тЬЧ  SC=тЬЧ
  [SCAN] GBP_USD     MOM=тЬЧ  REV=тЬЧ  MR=тЬЧ  SC=тЬЧ
  [SCAN] USD_JPY     MOM=тЬЧ  REV=тЬЧ  MR=тЬЧ  SC=тЬЧ
  [SCAN] USD_CHF     MOM=тЬЧ  REV=82%тЬУ  MR=тЬЧ  SC=тЬЧ  тЖТ QUEUED [REVERSAL]
  ЁЯТм USD_CHF: Reversal pattern spotted (82% confident) тАФ queuing a SELL
  [SCAN] AUD_USD     MOM=тЬЧ  REV=тЬЧ  MR=тЬЧ  SC=тЬЧ
  [SCAN] USD_CAD     MOM=тЬЧ  REV=тЬЧ  MR=тЬЧ  SC=тЬЧ
  [SCAN] NZD_USD     MOM=тЬЧ  REV=тЬЧ  MR=тЬЧ  SC=тЬЧ
  [SCAN] EUR_JPY     MOM=тЬЧ  REV=тЬЧ  MR=тЬЧ  SC=тЬЧ
  [SCAN] GBP_JPY     MOM=тЬЧ  REV=тЬЧ  MR=тЬЧ  SC=88%тЬУ  тЖТ QUEUED [SCALP]
  ЁЯТм GBP_JPY: Quick entry opportunity found (88% confident) тАФ queuing a SELL
  ЁЯУЛ Qualified: 2 signal(s) тАФ USD_CHF SELL reversal 82%  , GBP_JPY SELL scalp 88%
  ЁЯТм Scan complete: found 2 tradeable opportunities this minute. Best signals sorted by confidence тАФ placing now.
  CANDIDATE  GBP_JPY SELL conf=88.0% (1v)
  тЖТ Placing  GBP_JPY SELL conf=88.0%
  ЁЯТм GBP_JPY: Checks passed тАФ submitting SELL (going short) order to broker now.
  [FIBONACCI WICK] GBP_JPY entry optimized to LIMIT pullback at 211.209 (Mid: 211.1935)
  тЬЧ REJECTED GBP_JPY тАФ success=True but no trade_id in response
  [CHOP MODE 14k] Slots open (5/12) тАФ rescanning in 60s
  [SCAN] EUR_USD     MOM=тЬЧ  REV=тЬЧ  MR=тЬЧ  SC=тЬЧ
  [SCAN] GBP_USD     MOM=тЬЧ  REV=73%тЬУ  MR=тЬЧ  SC=тЬЧ  тЖТ QUEUED [REVERSAL]
  ЁЯТм GBP_USD: Reversal pattern spotted (73% confident) тАФ queuing a BUY
  [SCAN] USD_JPY     MOM=тЬЧ  REV=тЬЧ  MR=тЬЧ  SC=тЬЧ
  [SCAN] USD_CHF     MOM=тЬЧ  REV=тЬЧ  MR=тЬЧ  SC=тЬЧ
  [SCAN] AUD_USD     MOM=тЬЧ  REV=тЬЧ  MR=тЬЧ  SC=тЬЧ
  [SCAN] USD_CAD     MOM=тЬЧ  REV=тЬЧ  MR=тЬЧ  SC=тЬЧ
  [SCAN] NZD_USD     MOM=тЬЧ  REV=тЬЧ  MR=тЬЧ  SC=тЬЧ
  [SCAN] EUR_JPY     MOM=тЬЧ  REV=тЬЧ  MR=тЬЧ  SC=тЬЧ
  [SCAN] GBP_JPY     MOM=тЬЧ  REV=тЬЧ  MR=тЬЧ  SC=88%тЬУ  тЖТ QUEUED [SCALP]
  ЁЯТм GBP_JPY: Quick entry opportunity found (88% confident) тАФ queuing a SELL
  ЁЯУЛ Qualified: 2 signal(s) тАФ GBP_USD BUY reversal 73%  , GBP_JPY SELL scalp 88%
  ЁЯТм Scan complete: found 2 tradeable opportunities this minute. Best signals sorted by confidence тАФ placing now.
  [CHOP MODE 14k] Slots open (5/12) тАФ rescanning in 60s
  [SCAN] EUR_USD     MOM=тЬЧ  REV=тЬЧ  MR=тЬЧ  SC=тЬЧ
  [SCAN] GBP_USD     MOM=тЬЧ  REV=83%тЬУ  MR=тЬЧ  SC=тЬЧ  тЖТ QUEUED [REVERSAL]
  ЁЯТм GBP_USD: Reversal pattern spotted (83% confident) тАФ queuing a BUY
  [SCAN] USD_JPY     MOM=тЬЧ  REV=83%тЬУ  MR=тЬЧ  SC=тЬЧ  тЖТ QUEUED [REVERSAL]
  ЁЯТм USD_JPY: Reversal pattern spotted (83% confident) тАФ queuing a SELL
  [SCAN] USD_CHF     MOM=тЬЧ  REV=83%тЬУ  MR=тЬЧ  SC=тЬЧ  тЖТ QUEUED [REVERSAL]
  ЁЯТм USD_CHF: Reversal pattern spotted (83% confident) тАФ queuing a SELL
  [SCAN] AUD_USD     MOM=тЬЧ  REV=тЬЧ  MR=тЬЧ  SC=тЬЧ
  [SCAN] USD_CAD     MOM=тЬЧ  REV=тЬЧ  MR=тЬЧ  SC=тЬЧ
  [SCAN] NZD_USD     MOM=тЬЧ  REV=тЬЧ  MR=тЬЧ  SC=тЬЧ
  [SCAN] EUR_JPY     MOM=тЬЧ  REV=тЬЧ  MR=тЬЧ  SC=тЬЧ
  [SCAN] GBP_JPY     MOM=тЬЧ  REV=тЬЧ  MR=тЬЧ  SC=88%тЬУ  тЖТ QUEUED [SCALP]
  ЁЯТм GBP_JPY: Quick entry opportunity found (88% confident) тАФ queuing a SELL
  ЁЯУЛ Qualified: 4 signal(s) тАФ GBP_USD BUY reversal 83%  , USD_JPY SELL reversal 83%  , USD_CHF SELL reversal 83%  , GBP_JPY SELL scalp 88%
  ЁЯТм Scan complete: found 4 tradeable opportunities this minute. Best signals sorted by confidence тАФ placing now.
  [ROUTER] REALLOC  close USD_CAD(143535) тЖТ open GBP_JPY SELL (36.2% improvement)
  [ROUTER] тЬУ REALLOC OPENED GBP_JPY id=143624
  [MANAGER] SYNCED  GBP_JPY SELL  entry=211.194  sl=211.257  id=143624
  [MANAGER] SYNCED  USD_CHF SELL  entry=0.79401  sl=0.79547  id=143614
  [PAIR_STATS] USD_CAD  WIN +14.0p  | W/L: 5/1 (83%)  Net: +21.1p
  [MANAGER] CLOSED  USD_CAD  id=143535
  [CHOP MODE 14k] Slots open (6/12) тАФ rescanning in 60s
  [SCAN] EUR_USD     MOM=тЬЧ  REV=тЬЧ  MR=тЬЧ  SC=тЬЧ
  [SCAN] GBP_USD     MOM=тЬЧ  REV=тЬЧ  MR=тЬЧ  SC=тЬЧ
  [MTF_SNIPER] USD_JPY MOMENTUM BUY scored -15% тАФ H4 BEARISH
  [SCAN] USD_JPY     MOM=62%тЬУ  REV=тЬЧ  MR=тЬЧ  SC=тЬЧ
  [SCAN] USD_CHF     MOM=тЬЧ  REV=тЬЧ  MR=тЬЧ  SC=тЬЧ
  [SCAN] AUD_USD     MOM=тЬЧ  REV=тЬЧ  MR=тЬЧ  SC=тЬЧ
  [SCAN] USD_CAD     MOM=тЬЧ  REV=тЬЧ  MR=тЬЧ  SC=тЬЧ
  [SCAN] NZD_USD     MOM=тЬЧ  REV=тЬЧ  MR=тЬЧ  SC=тЬЧ
  [SCAN] EUR_JPY     MOM=тЬЧ  REV=тЬЧ  MR=тЬЧ  SC=тЬЧ
  [SCAN] GBP_JPY     MOM=тЬЧ  REV=тЬЧ  MR=тЬЧ  SC=88%тЬУ  тЖТ QUEUED [SCALP]
  ЁЯТм GBP_JPY: Quick entry opportunity found (88% confident) тАФ queuing a SELL
  ЁЯУЛ Qualified: 1 signal(s) тАФ GBP_JPY SELL scalp 88%
  ЁЯТм Scan complete: found 1 tradeable opportunity this minute. Best signals sorted by confidence тАФ placing now.
  [CHOP MODE 14k] Slots open (6/12) тАФ rescanning in 60s
  [SCAN] EUR_USD     MOM=тЬЧ  REV=тЬЧ  MR=тЬЧ  SC=тЬЧ
  [SCAN] GBP_USD     MOM=тЬЧ  REV=тЬЧ  MR=тЬЧ  SC=тЬЧ
  [SCAN] USD_JPY     MOM=тЬЧ  REV=83%тЬУ  MR=тЬЧ  SC=тЬЧ  тЖТ QUEUED [REVERSAL]
  ЁЯТм USD_JPY: Reversal pattern spotted (83% confident) тАФ queuing a SELL
  [SCAN] USD_CHF     MOM=тЬЧ  REV=83%тЬУ  MR=тЬЧ  SC=тЬЧ  тЖТ QUEUED [REVERSAL]
  ЁЯТм USD_CHF: Reversal pattern spotted (83% confident) тАФ queuing a SELL
  [SCAN] AUD_USD     MOM=тЬЧ  REV=тЬЧ  MR=тЬЧ  SC=тЬЧ
  [SCAN] USD_CAD     MOM=тЬЧ  REV=тЬЧ  MR=тЬЧ  SC=тЬЧ
  [SCAN] NZD_USD     MOM=тЬЧ  REV=тЬЧ  MR=тЬЧ  SC=тЬЧ
  [SCAN] EUR_JPY     MOM=тЬЧ  REV=тЬЧ  MR=тЬЧ  SC=тЬЧ
  [SCAN] GBP_JPY     MOM=тЬЧ  REV=тЬЧ  MR=тЬЧ  SC=88%тЬУ  тЖТ QUEUED [SCALP]
  ЁЯТм GBP_JPY: Quick entry opportunity found (88% confident) тАФ queuing a SELL
  ЁЯУЛ Qualified: 3 signal(s) тАФ USD_JPY SELL reversal 83%  , USD_CHF SELL reversal 83%  , GBP_JPY SELL scalp 88%
  ЁЯТм Scan complete: found 3 tradeable opportunities this minute. Best signals sorted by confidence тАФ placing now.
  [PAIR_STATS] AUD_USD  LOSS -13.6p  | W/L: 5/4 (56%)  Net: -25.1p
  [MANAGER] CLOSED  AUD_USD  id=143583
  [CHOP MODE 14k] Slots open (5/12) тАФ rescanning in 60s
  [SCAN] EUR_USD     MOM=тЬЧ  REV=тЬЧ  MR=тЬЧ  SC=тЬЧ
  [SCAN] GBP_USD     MOM=тЬЧ  REV=тЬЧ  MR=тЬЧ  SC=тЬЧ
  [SCAN] USD_JPY     MOM=тЬЧ  REV=83%тЬУ  MR=тЬЧ  SC=тЬЧ  тЖТ QUEUED [REVERSAL]
  ЁЯТм USD_JPY: Reversal pattern spotted (83% confident) тАФ queuing a SELL
  [SCAN] USD_CHF     MOM=тЬЧ  REV=тЬЧ  MR=тЬЧ  SC=тЬЧ
  [SCAN] AUD_USD     MOM=тЬЧ  REV=тЬЧ  MR=тЬЧ  SC=тЬЧ
  [SCAN] USD_CAD     MOM=тЬЧ  REV=тЬЧ  MR=тЬЧ  SC=тЬЧ
  [SCAN] NZD_USD     MOM=тЬЧ  REV=тЬЧ  MR=тЬЧ  SC=тЬЧ
  [SCAN] EUR_JPY     MOM=тЬЧ  REV=тЬЧ  MR=тЬЧ  SC=тЬЧ
  [SCAN] GBP_JPY     MOM=тЬЧ  REV=тЬЧ  MR=тЬЧ  SC=88%тЬУ  тЖТ QUEUED [SCALP]
  ЁЯТм GBP_JPY: Quick entry opportunity found (88% confident) тАФ queuing a SELL
  ЁЯУЛ Qualified: 2 signal(s) тАФ USD_JPY SELL reversal 83%  , GBP_JPY SELL scalp 88%
  ЁЯТм Scan complete: found 2 tradeable opportunities this minute. Best signals sorted by confidence тАФ placing now.
  [CHOP MODE 14k] Slots open (5/12) тАФ rescanning in 60s
  [SCAN] EUR_USD     MOM=тЬЧ  REV=тЬЧ  MR=тЬЧ  SC=тЬЧ
  [SCAN] GBP_USD     MOM=тЬЧ  REV=тЬЧ  MR=тЬЧ  SC=тЬЧ
  [SCAN] USD_JPY     MOM=тЬЧ  REV=83%тЬУ  MR=тЬЧ  SC=тЬЧ  тЖТ QUEUED [REVERSAL]
  ЁЯТм USD_JPY: Reversal pattern spotted (83% confident) тАФ queuing a SELL
  [SCAN] USD_CHF     MOM=тЬЧ  REV=тЬЧ  MR=тЬЧ  SC=тЬЧ
  [SCAN] AUD_USD     MOM=тЬЧ  REV=тЬЧ  MR=тЬЧ  SC=тЬЧ
  [SCAN] USD_CAD     MOM=тЬЧ  REV=тЬЧ  MR=тЬЧ  SC=тЬЧ
  [SCAN] NZD_USD     MOM=тЬЧ  REV=тЬЧ  MR=тЬЧ  SC=тЬЧ
  [SCAN] EUR_JPY     MOM=тЬЧ  REV=тЬЧ  MR=тЬЧ  SC=тЬЧ
  [SCAN] GBP_JPY     MOM=тЬЧ  REV=тЬЧ  MR=тЬЧ  SC=88%тЬУ  тЖТ QUEUED [SCALP]
  ЁЯТм GBP_JPY: Quick entry opportunity found (88% confident) тАФ queuing a SELL
  ЁЯУЛ Qualified: 2 signal(s) тАФ USD_JPY SELL reversal 83%  , GBP_JPY SELL scalp 88%
  ЁЯТм Scan complete: found 2 tradeable opportunities this minute. Best signals sorted by confidence тАФ placing now.
  [MANAGER] SYNCED  EUR_JPY BUY  entry=183.909  sl=183.76  id=143631
  [CHOP MODE 14k] Slots open (6/12) тАФ rescanning in 60s
  [SCAN] EUR_USD     MOM=тЬЧ  REV=тЬЧ  MR=тЬЧ  SC=тЬЧ
  [SCAN] GBP_USD     MOM=тЬЧ  REV=тЬЧ  MR=тЬЧ  SC=тЬЧ
  [SCAN] USD_JPY     MOM=тЬЧ  REV=83%тЬУ  MR=тЬЧ  SC=тЬЧ  тЖТ QUEUED [REVERSAL]
  ЁЯТм USD_JPY: Reversal pattern spotted (83% confident) тАФ queuing a SELL
  [SCAN] USD_CHF     MOM=тЬЧ  REV=тЬЧ  MR=тЬЧ  SC=тЬЧ
  [SCAN] AUD_USD     MOM=тЬЧ  REV=тЬЧ  MR=тЬЧ  SC=тЬЧ
  [SCAN] USD_CAD     MOM=тЬЧ  REV=тЬЧ  MR=тЬЧ  SC=тЬЧ
  [SCAN] NZD_USD     MOM=тЬЧ  REV=тЬЧ  MR=тЬЧ  SC=тЬЧ
  [SCAN] EUR_JPY     MOM=тЬЧ  REV=тЬЧ  MR=тЬЧ  SC=тЬЧ
  [SCAN] GBP_JPY     MOM=тЬЧ  REV=тЬЧ  MR=тЬЧ  SC=88%тЬУ  тЖТ QUEUED [SCALP]
  ЁЯТм GBP_JPY: Quick entry opportunity found (88% confident) тАФ queuing a SELL
  ЁЯУЛ Qualified: 2 signal(s) тАФ USD_JPY SELL reversal 83%  , GBP_JPY SELL scalp 88%
  ЁЯТм Scan complete: found 2 tradeable opportunities this minute. Best signals sorted by confidence тАФ placing now.
  [CHOP MODE 14k] Slots open (6/12) тАФ rescanning in 60s
  [SCAN] EUR_USD     MOM=тЬЧ  REV=тЬЧ  MR=тЬЧ  SC=тЬЧ
  [SCAN] GBP_USD     MOM=тЬЧ  REV=тЬЧ  MR=тЬЧ  SC=тЬЧ
  [SCAN] USD_JPY     MOM=тЬЧ  REV=83%тЬУ  MR=тЬЧ  SC=тЬЧ  тЖТ QUEUED [REVERSAL]
  ЁЯТм USD_JPY: Reversal pattern spotted (83% confident) тАФ queuing a SELL
  [SCAN] USD_CHF     MOM=тЬЧ  REV=тЬЧ  MR=тЬЧ  SC=тЬЧ
  [SCAN] AUD_USD     MOM=тЬЧ  REV=тЬЧ  MR=тЬЧ  SC=тЬЧ
  [SCAN] USD_CAD     MOM=тЬЧ  REV=тЬЧ  MR=тЬЧ  SC=тЬЧ
  [SCAN] NZD_USD     MOM=тЬЧ  REV=тЬЧ  MR=тЬЧ  SC=тЬЧ
  [SCAN] EUR_JPY     MOM=тЬЧ  REV=тЬЧ  MR=тЬЧ  SC=тЬЧ
  [SCAN] GBP_JPY     MOM=тЬЧ  REV=тЬЧ  MR=тЬЧ  SC=88%тЬУ  тЖТ QUEUED [SCALP]
  ЁЯТм GBP_JPY: Quick entry opportunity found (88% confident) тАФ queuing a SELL
  ЁЯУЛ Qualified: 2 signal(s) тАФ USD_JPY SELL reversal 83%  , GBP_JPY SELL scalp 88%
  ЁЯТм Scan complete: found 2 tradeable opportunities this minute. Best signals sorted by confidence тАФ placing now.
  [CHOP MODE 14k] Slots open (6/12) тАФ rescanning in 60s
  [SCAN] EUR_USD     MOM=тЬЧ  REV=тЬЧ  MR=тЬЧ  SC=тЬЧ
  [SCAN] GBP_USD     MOM=тЬЧ  REV=тЬЧ  MR=тЬЧ  SC=тЬЧ
  [SCAN] USD_JPY     MOM=тЬЧ  REV=83%тЬУ  MR=тЬЧ  SC=тЬЧ  тЖТ QUEUED [REVERSAL]
  ЁЯТм USD_JPY: Reversal pattern spotted (83% confident) тАФ queuing a SELL
  [SCAN] USD_CHF     MOM=тЬЧ  REV=тЬЧ  MR=тЬЧ  SC=тЬЧ
  [SCAN] AUD_USD     MOM=тЬЧ  REV=тЬЧ  MR=тЬЧ  SC=тЬЧ
  [SCAN] USD_CAD     MOM=тЬЧ  REV=тЬЧ  MR=тЬЧ  SC=тЬЧ
  [SCAN] NZD_USD     MOM=тЬЧ  REV=тЬЧ  MR=тЬЧ  SC=тЬЧ
  [SCAN] EUR_JPY     MOM=тЬЧ  REV=тЬЧ  MR=тЬЧ  SC=тЬЧ
  [SCAN] GBP_JPY     MOM=тЬЧ  REV=тЬЧ  MR=тЬЧ  SC=88%тЬУ  тЖТ QUEUED [SCALP]
  ЁЯТм GBP_JPY: Quick entry opportunity found (88% confident) тАФ queuing a SELL
  ЁЯУЛ Qualified: 2 signal(s) тАФ USD_JPY SELL reversal 83%  , GBP_JPY SELL scalp 88%
  ЁЯТм Scan complete: found 2 tradeable opportunities this minute. Best signals sorted by confidence тАФ placing now.
  [CHOP MODE 14k] Slots open (6/12) тАФ rescanning in 60s
  [SCAN] EUR_USD     MOM=тЬЧ  REV=тЬЧ  MR=тЬЧ  SC=тЬЧ
  [SCAN] GBP_USD     MOM=тЬЧ  REV=тЬЧ  MR=тЬЧ  SC=тЬЧ
  [SCAN] USD_JPY     MOM=тЬЧ  REV=83%тЬУ  MR=тЬЧ  SC=тЬЧ  тЖТ QUEUED [REVERSAL]
  ЁЯТм USD_JPY: Reversal pattern spotted (83% confident) тАФ queuing a SELL
  [SCAN] USD_CHF     MOM=тЬЧ  REV=тЬЧ  MR=тЬЧ  SC=тЬЧ
  [SCAN] AUD_USD     MOM=тЬЧ  REV=тЬЧ  MR=тЬЧ  SC=тЬЧ
  [SCAN] USD_CAD     MOM=тЬЧ  REV=тЬЧ  MR=тЬЧ  SC=тЬЧ
  [SCAN] NZD_USD     MOM=тЬЧ  REV=тЬЧ  MR=тЬЧ  SC=тЬЧ
  [SCAN] EUR_JPY     MOM=тЬЧ  REV=тЬЧ  MR=тЬЧ  SC=тЬЧ
  [SCAN] GBP_JPY     MOM=тЬЧ  REV=тЬЧ  MR=тЬЧ  SC=тЬЧ
  ЁЯУЛ Qualified: 1 signal(s) тАФ USD_JPY SELL reversal 83%
  ЁЯТм Scan complete: found 1 tradeable opportunity this minute. Best signals sorted by confidence тАФ placing now.
  [CHOP MODE 14k] Slots open (6/12) тАФ rescanning in 60s
  [SCAN] EUR_USD     MOM=тЬЧ  REV=тЬЧ  MR=тЬЧ  SC=тЬЧ
  [SCAN] GBP_USD     MOM=тЬЧ  REV=тЬЧ  MR=тЬЧ  SC=тЬЧ
  [SCAN] USD_JPY     MOM=тЬЧ  REV=83%тЬУ  MR=тЬЧ  SC=тЬЧ  тЖТ QUEUED [REVERSAL]
  ЁЯТм USD_JPY: Reversal pattern spotted (83% confident) тАФ queuing a SELL
  [SCAN] USD_CHF     MOM=тЬЧ  REV=тЬЧ  MR=тЬЧ  SC=тЬЧ
  [SCAN] AUD_USD     MOM=тЬЧ  REV=тЬЧ  MR=тЬЧ  SC=тЬЧ
  [SCAN] USD_CAD     MOM=тЬЧ  REV=тЬЧ  MR=тЬЧ  SC=тЬЧ
  [SCAN] NZD_USD     MOM=тЬЧ  REV=тЬЧ  MR=тЬЧ  SC=тЬЧ
  [SCAN] EUR_JPY     MOM=тЬЧ  REV=тЬЧ  MR=тЬЧ  SC=тЬЧ
  [SCAN] GBP_JPY     MOM=тЬЧ  REV=тЬЧ  MR=тЬЧ  SC=тЬЧ
  ЁЯУЛ Qualified: 1 signal(s) тАФ USD_JPY SELL reversal 83%
  ЁЯТм Scan complete: found 1 tradeable opportunity this minute. Best signals sorted by confidence тАФ placing now.
  [CHOP MODE 14k] Slots open (6/12) тАФ rescanning in 60s
  [SCAN] EUR_USD     MOM=тЬЧ  REV=тЬЧ  MR=тЬЧ  SC=тЬЧ
  [SCAN] GBP_USD     MOM=тЬЧ  REV=тЬЧ  MR=тЬЧ  SC=тЬЧ
  [MTF_SNIPER] USD_JPY MOMENTUM BUY scored -15% тАФ H4 BEARISH
  [SCAN] USD_JPY     MOM=65%тЬУ  REV=тЬЧ  MR=тЬЧ  SC=тЬЧ
  [SCAN] USD_CHF     MOM=тЬЧ  REV=тЬЧ  MR=тЬЧ  SC=тЬЧ
  [SCAN] AUD_USD     MOM=тЬЧ  REV=83%тЬУ  MR=тЬЧ  SC=тЬЧ  тЖТ QUEUED [REVERSAL]
  ЁЯТм AUD_USD: Reversal pattern spotted (83% confident) тАФ queuing a BUY
  [SCAN] USD_CAD     MOM=тЬЧ  REV=тЬЧ  MR=тЬЧ  SC=тЬЧ
  [SCAN] NZD_USD     MOM=тЬЧ  REV=80%тЬУ  MR=тЬЧ  SC=тЬЧ  тЖТ QUEUED [REVERSAL]
  ЁЯТм NZD_USD: Reversal pattern spotted (80% confident) тАФ queuing a BUY
  [SCAN] EUR_JPY     MOM=тЬЧ  REV=тЬЧ  MR=тЬЧ  SC=тЬЧ
  [SCAN] GBP_JPY     MOM=тЬЧ  REV=тЬЧ  MR=тЬЧ  SC=тЬЧ
  ЁЯУЛ Qualified: 2 signal(s) тАФ AUD_USD BUY reversal 83%  , NZD_USD BUY reversal 80%
  ЁЯТм Scan complete: found 2 tradeable opportunities this minute. Best signals sorted by confidence тАФ placing now.
  BLOCKED    AUD_USD тАФ MARGIN_GATE_BLOCKED free=11.9%
  BLOCKED    NZD_USD тАФ MARGIN_GATE_BLOCKED free=11.9%
  [CHOP MODE 14k] Slots open (6/12) тАФ rescanning in 60s
  [SCAN] EUR_USD     MOM=тЬЧ  REV=83%тЬУ  MR=тЬЧ  SC=тЬЧ  тЖТ QUEUED [REVERSAL]
  ЁЯТм EUR_USD: Reversal pattern spotted (83% confident) тАФ queuing a BUY
  [SCAN] GBP_USD     MOM=тЬЧ  REV=78%тЬУ  MR=тЬЧ  SC=тЬЧ  тЖТ QUEUED [REVERSAL]
  ЁЯТм GBP_USD: Reversal pattern spotted (78% confident) тАФ queuing a BUY
  [SCAN] USD_JPY     MOM=тЬЧ  REV=83%тЬУ  MR=тЬЧ  SC=тЬЧ  тЖТ QUEUED [REVERSAL]
  ЁЯТм USD_JPY: Reversal pattern spotted (83% confident) тАФ queuing a SELL
  [SCAN] USD_CHF     MOM=тЬЧ  REV=тЬЧ  MR=тЬЧ  SC=тЬЧ
  [SCAN] AUD_USD     MOM=тЬЧ  REV=тЬЧ  MR=тЬЧ  SC=тЬЧ
  [SCAN] USD_CAD     MOM=тЬЧ  REV=тЬЧ  MR=тЬЧ  SC=тЬЧ
  [SCAN] NZD_USD     MOM=тЬЧ  REV=тЬЧ  MR=тЬЧ  SC=тЬЧ
  [SCAN] EUR_JPY     MOM=тЬЧ  REV=тЬЧ  MR=тЬЧ  SC=тЬЧ
  [SCAN] GBP_JPY     MOM=тЬЧ  REV=тЬЧ  MR=тЬЧ  SC=тЬЧ
  ЁЯУЛ Qualified: 3 signal(s) тАФ EUR_USD BUY reversal 83%  , GBP_USD BUY reversal 78%  , USD_JPY SELL reversal 83%
  ЁЯТм Scan complete: found 3 tradeable opportunities this minute. Best signals sorted by confidence тАФ placing now.
  [CHOP MODE 14k] Slots open (6/12) тАФ rescanning in 60s
  [SCAN] EUR_USD     MOM=тЬЧ  REV=тЬЧ  MR=тЬЧ  SC=тЬЧ
  [SCAN] GBP_USD     MOM=тЬЧ  REV=тЬЧ  MR=тЬЧ  SC=тЬЧ
  [SCAN] USD_JPY     MOM=тЬЧ  REV=83%тЬУ  MR=тЬЧ  SC=тЬЧ  тЖТ QUEUED [REVERSAL]
  ЁЯТм USD_JPY: Reversal pattern spotted (83% confident) тАФ queuing a SELL
  [SCAN] USD_CHF     MOM=тЬЧ  REV=тЬЧ  MR=тЬЧ  SC=тЬЧ
  [SCAN] AUD_USD     MOM=тЬЧ  REV=тЬЧ  MR=тЬЧ  SC=тЬЧ
  [SCAN] USD_CAD     MOM=тЬЧ  REV=тЬЧ  MR=тЬЧ  SC=тЬЧ
  [SCAN] NZD_USD     MOM=тЬЧ  REV=тЬЧ  MR=тЬЧ  SC=тЬЧ
  [SCAN] EUR_JPY     MOM=тЬЧ  REV=тЬЧ  MR=тЬЧ  SC=тЬЧ
  [SCAN] GBP_JPY     MOM=тЬЧ  REV=тЬЧ  MR=тЬЧ  SC=88%тЬУ  тЖТ QUEUED [SCALP]
  ЁЯТм GBP_JPY: Quick entry opportunity found (88% confident) тАФ queuing a SELL
  ЁЯУЛ Qualified: 2 signal(s) тАФ USD_JPY SELL reversal 83%  , GBP_JPY SELL scalp 88%
  ЁЯТм Scan complete: found 2 tradeable opportunities this minute. Best signals sorted by confidence тАФ placing now.
  [CHOP MODE 14k] Slots open (6/12) тАФ rescanning in 60s
  [SCAN] EUR_USD     MOM=тЬЧ  REV=тЬЧ  MR=тЬЧ  SC=тЬЧ
  [SCAN] GBP_USD     MOM=тЬЧ  REV=тЬЧ  MR=тЬЧ  SC=тЬЧ
  [SCAN] USD_JPY     MOM=тЬЧ  REV=83%тЬУ  MR=тЬЧ  SC=тЬЧ  тЖТ QUEUED [REVERSAL]
  ЁЯТм USD_JPY: Reversal pattern spotted (83% confident) тАФ queuing a SELL
  [SCAN] USD_CHF     MOM=тЬЧ  REV=77%тЬУ  MR=тЬЧ  SC=тЬЧ  тЖТ QUEUED [REVERSAL]
  ЁЯТм USD_CHF: Reversal pattern spotted (77% confident) тАФ queuing a SELL
  [SCAN] AUD_USD     MOM=тЬЧ  REV=тЬЧ  MR=тЬЧ  SC=тЬЧ
  [SCAN] USD_CAD     MOM=тЬЧ  REV=тЬЧ  MR=тЬЧ  SC=тЬЧ
  [SCAN] NZD_USD     MOM=тЬЧ  REV=тЬЧ  MR=тЬЧ  SC=тЬЧ
  [SCAN] EUR_JPY     MOM=тЬЧ  REV=тЬЧ  MR=тЬЧ  SC=тЬЧ
  [SCAN] GBP_JPY     MOM=тЬЧ  REV=тЬЧ  MR=тЬЧ  SC=88%тЬУ  тЖТ QUEUED [SCALP]
  ЁЯТм GBP_JPY: Quick entry opportunity found (88% confident) тАФ queuing a SELL
  ЁЯУЛ Qualified: 3 signal(s) тАФ USD_JPY SELL reversal 83%  , USD_CHF SELL reversal 77%  , GBP_JPY SELL scalp 88%
  ЁЯТм Scan complete: found 3 tradeable opportunities this minute. Best signals sorted by confidence тАФ placing now.
  [CHOP MODE 14k] Slots open (6/12) тАФ rescanning in 60s
  [SCAN] EUR_USD     MOM=тЬЧ  REV=тЬЧ  MR=тЬЧ  SC=тЬЧ
  [SCAN] GBP_USD     MOM=тЬЧ  REV=тЬЧ  MR=тЬЧ  SC=тЬЧ
  [MTF_SNIPER] USD_JPY MOMENTUM BUY scored -15% тАФ H4 BEARISH
  [SCAN] USD_JPY     MOM=66%тЬУ  REV=тЬЧ  MR=тЬЧ  SC=тЬЧ  тЖТ QUEUED [MOMENTUM]
  ЁЯТм USD_JPY: Strong trend detected (66% confident) тАФ queuing a BUY
  [SCAN] USD_CHF     MOM=тЬЧ  REV=тЬЧ  MR=тЬЧ  SC=тЬЧ
  [SCAN] AUD_USD     MOM=тЬЧ  REV=тЬЧ  MR=тЬЧ  SC=тЬЧ
  [SCAN] USD_CAD     MOM=тЬЧ  REV=тЬЧ  MR=тЬЧ  SC=тЬЧ
  [SCAN] NZD_USD     MOM=тЬЧ  REV=тЬЧ  MR=тЬЧ  SC=тЬЧ
  [SCAN] EUR_JPY     MOM=тЬЧ  REV=тЬЧ  MR=тЬЧ  SC=тЬЧ
  [SCAN] GBP_JPY     MOM=тЬЧ  REV=тЬЧ  MR=тЬЧ  SC=тЬЧ
  ЁЯУЛ Qualified: 1 signal(s) тАФ USD_JPY BUY momentum 66%
  ЁЯТм Scan complete: found 1 tradeable opportunity this minute. Best signals sorted by confidence тАФ placing now.
  [ROUTER] REALLOC  close GBP_JPY(143624) тЖТ open USD_JPY BUY (26.8% improvement)
  [ROUTER] тЪая╕П  Realloc blocked тАФ margin gate
  [PAIR_STATS] GBP_JPY  WIN +10.9p  | W/L: 2/4 (33%)  Net: -1.7p
  [MANAGER] CLOSED  GBP_JPY  id=143624
  [CHOP MODE 14k] Slots open (5/12) тАФ rescanning in 60s
  [SCAN] EUR_USD     MOM=тЬЧ  REV=тЬЧ  MR=тЬЧ  SC=тЬЧ
  [SCAN] GBP_USD     MOM=тЬЧ  REV=тЬЧ  MR=тЬЧ  SC=тЬЧ
  [MTF_SNIPER] USD_JPY MOMENTUM BUY scored -15% тАФ H4 BEARISH
  [SCAN] USD_JPY     MOM=66%тЬУ  REV=тЬЧ  MR=тЬЧ  SC=тЬЧ  тЖТ QUEUED [MOMENTUM]
  ЁЯТм USD_JPY: Strong trend detected (66% confident) тАФ queuing a BUY
  [SCAN] USD_CHF     MOM=тЬЧ  REV=тЬЧ  MR=тЬЧ  SC=тЬЧ
  [SCAN] AUD_USD     MOM=тЬЧ  REV=тЬЧ  MR=тЬЧ  SC=тЬЧ
  [SCAN] USD_CAD     MOM=тЬЧ  REV=тЬЧ  MR=тЬЧ  SC=тЬЧ
  [SCAN] NZD_USD     MOM=тЬЧ  REV=тЬЧ  MR=тЬЧ  SC=тЬЧ
  [SCAN] EUR_JPY     MOM=тЬЧ  REV=тЬЧ  MR=тЬЧ  SC=тЬЧ
  [SCAN] GBP_JPY     MOM=тЬЧ  REV=тЬЧ  MR=тЬЧ  SC=тЬЧ
  ЁЯУЛ Qualified: 1 signal(s) тАФ USD_JPY BUY momentum 66%
  ЁЯТм Scan complete: found 1 tradeable opportunity this minute. Best signals sorted by confidence тАФ placing now.
  [CHOP MODE 14k] Slots open (5/12) тАФ rescanning in 60s
  [SCAN] EUR_USD     MOM=тЬЧ  REV=тЬЧ  MR=тЬЧ  SC=тЬЧ
  [SCAN] GBP_USD     MOM=тЬЧ  REV=тЬЧ  MR=тЬЧ  SC=тЬЧ
  [MTF_SNIPER] USD_JPY MOMENTUM BUY scored -15% тАФ H4 BEARISH
  [SCAN] USD_JPY     MOM=67%тЬУ  REV=тЬЧ  MR=тЬЧ  SC=тЬЧ  тЖТ QUEUED [MOMENTUM]
  ЁЯТм USD_JPY: Strong trend detected (67% confident) тАФ queuing a BUY
  [SCAN] USD_CHF     MOM=тЬЧ  REV=тЬЧ  MR=тЬЧ  SC=тЬЧ
  [SCAN] AUD_USD     MOM=тЬЧ  REV=тЬЧ  MR=тЬЧ  SC=тЬЧ
  [SCAN] USD_CAD     MOM=тЬЧ  REV=тЬЧ  MR=тЬЧ  SC=тЬЧ
  [SCAN] NZD_USD     MOM=тЬЧ  REV=тЬЧ  MR=тЬЧ  SC=тЬЧ
  [SCAN] EUR_JPY     MOM=тЬЧ  REV=тЬЧ  MR=тЬЧ  SC=тЬЧ
  [SCAN] GBP_JPY     MOM=тЬЧ  REV=тЬЧ  MR=тЬЧ  SC=тЬЧ
  ЁЯУЛ Qualified: 1 signal(s) тАФ USD_JPY BUY momentum 67%
  ЁЯТм Scan complete: found 1 tradeable opportunity this minute. Best signals sorted by confidence тАФ placing now.
  [CHOP MODE 14k] Slots open (5/12) тАФ rescanning in 60s
  [SCAN] EUR_USD     MOM=тЬЧ  REV=тЬЧ  MR=тЬЧ  SC=тЬЧ
  [SCAN] GBP_USD     MOM=тЬЧ  REV=тЬЧ  MR=тЬЧ  SC=тЬЧ
  [MTF_SNIPER] USD_JPY MOMENTUM BUY scored -15% тАФ H4 BEARISH
  [SCAN] USD_JPY     MOM=67%тЬУ  REV=тЬЧ  MR=тЬЧ  SC=тЬЧ  тЖТ QUEUED [MOMENTUM]
  ЁЯТм USD_JPY: Strong trend detected (67% confident) тАФ queuing a BUY
  [SCAN] USD_CHF     MOM=тЬЧ  REV=тЬЧ  MR=тЬЧ  SC=тЬЧ
  [SCAN] AUD_USD     MOM=тЬЧ  REV=тЬЧ  MR=тЬЧ  SC=тЬЧ
  [SCAN] USD_CAD     MOM=тЬЧ  REV=тЬЧ  MR=тЬЧ  SC=тЬЧ
  [SCAN] NZD_USD     MOM=тЬЧ  REV=тЬЧ  MR=тЬЧ  SC=тЬЧ
  [SCAN] EUR_JPY     MOM=тЬЧ  REV=тЬЧ  MR=тЬЧ  SC=тЬЧ
  [SCAN] GBP_JPY     MOM=тЬЧ  REV=тЬЧ  MR=тЬЧ  SC=тЬЧ
  ЁЯУЛ Qualified: 1 signal(s) тАФ USD_JPY BUY momentum 67%
  ЁЯТм Scan complete: found 1 tradeable opportunity this minute. Best signals sorted by confidence тАФ placing now.
  [CHOP MODE 14k] Slots open (5/12) тАФ rescanning in 60s
  [SCAN] EUR_USD     MOM=тЬЧ  REV=тЬЧ  MR=тЬЧ  SC=тЬЧ
  [SCAN] GBP_USD     MOM=тЬЧ  REV=тЬЧ  MR=тЬЧ  SC=тЬЧ
  [MTF_SNIPER] USD_JPY MOMENTUM BUY scored -15% тАФ H4 BEARISH
  [SCAN] USD_JPY     MOM=66%тЬУ  REV=тЬЧ  MR=тЬЧ  SC=тЬЧ  тЖТ QUEUED [MOMENTUM]
  ЁЯТм USD_JPY: Strong trend detected (66% confident) тАФ queuing a BUY
  [SCAN] USD_CHF     MOM=тЬЧ  REV=тЬЧ  MR=тЬЧ  SC=тЬЧ
  [SCAN] AUD_USD     MOM=тЬЧ  REV=83%тЬУ  MR=тЬЧ  SC=тЬЧ  тЖТ QUEUED [REVERSAL]
  ЁЯТм AUD_USD: Reversal pattern spotted (83% confident) тАФ queuing a BUY
  [SCAN] USD_CAD     MOM=тЬЧ  REV=тЬЧ  MR=тЬЧ  SC=тЬЧ
  [SCAN] NZD_USD     MOM=тЬЧ  REV=83%тЬУ  MR=тЬЧ  SC=тЬЧ  тЖТ QUEUED [REVERSAL]
  ЁЯТм NZD_USD: Reversal pattern spotted (83% confident) тАФ queuing a BUY
  [SCAN] EUR_JPY     MOM=тЬЧ  REV=тЬЧ  MR=тЬЧ  SC=тЬЧ
  [SCAN] GBP_JPY     MOM=тЬЧ  REV=тЬЧ  MR=тЬЧ  SC=тЬЧ
  ЁЯУЛ Qualified: 3 signal(s) тАФ USD_JPY BUY momentum 66%  , AUD_USD BUY reversal 83%  , NZD_USD BUY reversal 83%
  ЁЯТм Scan complete: found 3 tradeable opportunities this minute. Best signals sorted by confidence тАФ placing now.
  CANDIDATE  AUD_USD BUY conf=83.0% (1v)
  тЖТ Placing  AUD_USD BUY conf=83.0%
  ЁЯТм AUD_USD: Checks passed тАФ submitting BUY (going long) order to broker now.
  [FIBONACCI WICK] AUD_USD entry optimized to LIMIT pullback at 0.69154 (Mid: 0.69164)
  тЬЧ REJECTED AUD_USD тАФ success=True but no trade_id in response
  CANDIDATE  NZD_USD BUY conf=83.0% (1v)
  тЖТ Placing  NZD_USD BUY conf=83.0%
  ЁЯТм NZD_USD: Checks passed тАФ submitting BUY (going long) order to broker now.
  [FIBONACCI WICK] NZD_USD entry optimized to LIMIT pullback at 0.57449 (Mid: 0.57461)
  тЬЧ REJECTED NZD_USD тАФ success=True but no trade_id in response
  [CHOP MODE 14k] Slots open (5/12) тАФ rescanning in 60s
  [SCAN] EUR_USD     MOM=тЬЧ  REV=83%тЬУ  MR=тЬЧ  SC=тЬЧ  тЖТ QUEUED [REVERSAL]
  ЁЯТм EUR_USD: Reversal pattern spotted (83% confident) тАФ queuing a BUY
  [SCAN] GBP_USD     MOM=тЬЧ  REV=тЬЧ  MR=тЬЧ  SC=тЬЧ
  [SCAN] USD_JPY     MOM=тЬЧ  REV=83%тЬУ  MR=тЬЧ  SC=тЬЧ  тЖТ QUEUED [REVERSAL]
  ЁЯТм USD_JPY: Reversal pattern spotted (83% confident) тАФ queuing a SELL
  [SCAN] USD_CHF     MOM=тЬЧ  REV=83%тЬУ  MR=тЬЧ  SC=тЬЧ  тЖТ QUEUED [REVERSAL]
  ЁЯТм USD_CHF: Reversal pattern spotted (83% confident) тАФ queuing a SELL
  [SCAN] AUD_USD     MOM=тЬЧ  REV=тЬЧ  MR=тЬЧ  SC=тЬЧ
  [SCAN] USD_CAD     MOM=тЬЧ  REV=тЬЧ  MR=тЬЧ  SC=тЬЧ
  [SCAN] NZD_USD     MOM=тЬЧ  REV=тЬЧ  MR=тЬЧ  SC=тЬЧ
  [SCAN] EUR_JPY     MOM=тЬЧ  REV=83%тЬУ  MR=тЬЧ  SC=тЬЧ  тЖТ QUEUED [REVERSAL]
  ЁЯТм EUR_JPY: Reversal pattern spotted (83% confident) тАФ queuing a BUY
  [SCAN] GBP_JPY     MOM=тЬЧ  REV=тЬЧ  MR=тЬЧ  SC=88%тЬУ  тЖТ QUEUED [SCALP]
  ЁЯТм GBP_JPY: Quick entry opportunity found (88% confident) тАФ queuing a SELL
  ЁЯУЛ Qualified: 5 signal(s) тАФ EUR_USD BUY reversal 83%  , USD_JPY SELL reversal 83%  , USD_CHF SELL reversal 83%  , EUR_JPY BUY reversal 83%  , GBP_JPY SELL scalp 88%
  ЁЯТм Scan complete: found 5 tradeable opportunities this minute. Best signals sorted by confidence тАФ placing now.
  [CHOP MODE 14k] Slots open (5/12) тАФ rescanning in 60s
  [SCAN] EUR_USD     MOM=тЬЧ  REV=тЬЧ  MR=тЬЧ  SC=тЬЧ
  [SCAN] GBP_USD     MOM=тЬЧ  REV=тЬЧ  MR=тЬЧ  SC=тЬЧ
  [SCAN] USD_JPY     MOM=тЬЧ  REV=тЬЧ  MR=тЬЧ  SC=тЬЧ
  [SCAN] USD_CHF     MOM=тЬЧ  REV=83%тЬУ  MR=тЬЧ  SC=тЬЧ  тЖТ QUEUED [REVERSAL]
  ЁЯТм USD_CHF: Reversal pattern spotted (83% confident) тАФ queuing a SELL
  [SCAN] AUD_USD     MOM=тЬЧ  REV=тЬЧ  MR=тЬЧ  SC=тЬЧ
  [SCAN] USD_CAD     MOM=тЬЧ  REV=тЬЧ  MR=тЬЧ  SC=тЬЧ
  [SCAN] NZD_USD     MOM=тЬЧ  REV=тЬЧ  MR=тЬЧ  SC=тЬЧ
  [SCAN] EUR_JPY     MOM=тЬЧ  REV=тЬЧ  MR=тЬЧ  SC=тЬЧ
  [SCAN] GBP_JPY     MOM=тЬЧ  REV=тЬЧ  MR=тЬЧ  SC=88%тЬУ  тЖТ QUEUED [SCALP]
  ЁЯТм GBP_JPY: Quick entry opportunity found (88% confident) тАФ queuing a SELL
  ЁЯУЛ Qualified: 2 signal(s) тАФ USD_CHF SELL reversal 83%  , GBP_JPY SELL scalp 88%
  ЁЯТм Scan complete: found 2 tradeable opportunities this minute. Best signals sorted by confidence тАФ placing now.
  [CHOP MODE 14k] Slots open (5/12) тАФ rescanning in 60s
  [SCAN] EUR_USD     MOM=тЬЧ  REV=83%тЬУ  MR=тЬЧ  SC=тЬЧ  тЖТ QUEUED [REVERSAL]
  ЁЯТм EUR_USD: Reversal pattern spotted (83% confident) тАФ queuing a BUY
  [SCAN] GBP_USD     MOM=тЬЧ  REV=тЬЧ  MR=тЬЧ  SC=тЬЧ
  [SCAN] USD_JPY     MOM=тЬЧ  REV=70%тЬУ  MR=тЬЧ  SC=тЬЧ  тЖТ QUEUED [REVERSAL]
  ЁЯТм USD_JPY: Reversal pattern spotted (70% confident) тАФ queuing a SELL
  [SCAN] USD_CHF     MOM=тЬЧ  REV=83%тЬУ  MR=тЬЧ  SC=тЬЧ  тЖТ QUEUED [REVERSAL]
  ЁЯТм USD_CHF: Reversal pattern spotted (83% confident) тАФ queuing a SELL
  [SCAN] AUD_USD     MOM=тЬЧ  REV=тЬЧ  MR=тЬЧ  SC=тЬЧ
  [SCAN] USD_CAD     MOM=тЬЧ  REV=тЬЧ  MR=тЬЧ  SC=тЬЧ
  [SCAN] NZD_USD     MOM=тЬЧ  REV=тЬЧ  MR=тЬЧ  SC=тЬЧ
  [SCAN] EUR_JPY     MOM=тЬЧ  REV=тЬЧ  MR=тЬЧ  SC=тЬЧ
  [SCAN] GBP_JPY     MOM=тЬЧ  REV=тЬЧ  MR=тЬЧ  SC=тЬЧ
  ЁЯУЛ Qualified: 3 signal(s) тАФ EUR_USD BUY reversal 83%  , USD_JPY SELL reversal 70%  , USD_CHF SELL reversal 83%
  ЁЯТм Scan complete: found 3 tradeable opportunities this minute. Best signals sorted by confidence тАФ placing now.
  [CHOP MODE 14k] Slots open (5/12) тАФ rescanning in 60s
  [SCAN] EUR_USD     MOM=тЬЧ  REV=83%тЬУ  MR=тЬЧ  SC=тЬЧ  тЖТ QUEUED [REVERSAL]
  ЁЯТм EUR_USD: Reversal pattern spotted (83% confident) тАФ queuing a BUY
  [SCAN] GBP_USD     MOM=тЬЧ  REV=тЬЧ  MR=тЬЧ  SC=тЬЧ
  [SCAN] USD_JPY     MOM=тЬЧ  REV=тЬЧ  MR=тЬЧ  SC=тЬЧ
  [SCAN] USD_CHF     MOM=тЬЧ  REV=83%тЬУ  MR=тЬЧ  SC=тЬЧ  тЖТ QUEUED [REVERSAL]
  ЁЯТм USD_CHF: Reversal pattern spotted (83% confident) тАФ queuing a SELL
  [SCAN] AUD_USD     MOM=тЬЧ  REV=тЬЧ  MR=тЬЧ  SC=тЬЧ
  [SCAN] USD_CAD     MOM=тЬЧ  REV=тЬЧ  MR=тЬЧ  SC=тЬЧ
  [SCAN] NZD_USD     MOM=тЬЧ  REV=тЬЧ  MR=тЬЧ  SC=тЬЧ
  [SCAN] EUR_JPY     MOM=тЬЧ  REV=тЬЧ  MR=тЬЧ  SC=тЬЧ
  [SCAN] GBP_JPY     MOM=тЬЧ  REV=тЬЧ  MR=тЬЧ  SC=тЬЧ
  ЁЯУЛ Qualified: 2 signal(s) тАФ EUR_USD BUY reversal 83%  , USD_CHF SELL reversal 83%
  ЁЯТм Scan complete: found 2 tradeable opportunities this minute. Best signals sorted by confidence тАФ placing now.
  [CHOP MODE 14k] Slots open (5/12) тАФ rescanning in 60s
  [SCAN] EUR_USD     MOM=тЬЧ  REV=74%тЬУ  MR=тЬЧ  SC=тЬЧ  тЖТ QUEUED [REVERSAL]
  ЁЯТм EUR_USD: Reversal pattern spotted (74% confident) тАФ queuing a BUY
  [SCAN] GBP_USD     MOM=тЬЧ  REV=тЬЧ  MR=тЬЧ  SC=тЬЧ
  [SCAN] USD_JPY     MOM=тЬЧ  REV=тЬЧ  MR=тЬЧ  SC=тЬЧ
  [SCAN] USD_CHF     MOM=тЬЧ  REV=тЬЧ  MR=тЬЧ  SC=тЬЧ
  [SCAN] AUD_USD     MOM=тЬЧ  REV=тЬЧ  MR=тЬЧ  SC=тЬЧ
  [SCAN] USD_CAD     MOM=тЬЧ  REV=тЬЧ  MR=тЬЧ  SC=тЬЧ
  [SCAN] NZD_USD     MOM=тЬЧ  REV=тЬЧ  MR=тЬЧ  SC=тЬЧ
  [SCAN] EUR_JPY     MOM=тЬЧ  REV=тЬЧ  MR=тЬЧ  SC=тЬЧ
  [SCAN] GBP_JPY     MOM=тЬЧ  REV=тЬЧ  MR=тЬЧ  SC=тЬЧ
  ЁЯУЛ Qualified: 1 signal(s) тАФ EUR_USD BUY reversal 74%
  ЁЯТм Scan complete: found 1 tradeable opportunity this minute. Best signals sorted by confidence тАФ placing now.
  [CHOP MODE 14k] Slots open (5/12) тАФ rescanning in 60s
  [SCAN] EUR_USD     MOM=тЬЧ  REV=тЬЧ  MR=тЬЧ  SC=тЬЧ
  [SCAN] GBP_USD     MOM=тЬЧ  REV=тЬЧ  MR=тЬЧ  SC=тЬЧ
  [SCAN] USD_JPY     MOM=тЬЧ  REV=тЬЧ  MR=тЬЧ  SC=тЬЧ
  [SCAN] USD_CHF     MOM=тЬЧ  REV=тЬЧ  MR=тЬЧ  SC=тЬЧ
  [SCAN] AUD_USD     MOM=тЬЧ  REV=тЬЧ  MR=тЬЧ  SC=тЬЧ
  [SCAN] USD_CAD     MOM=тЬЧ  REV=тЬЧ  MR=тЬЧ  SC=тЬЧ
  [SCAN] NZD_USD     MOM=тЬЧ  REV=тЬЧ  MR=тЬЧ  SC=тЬЧ
  [SCAN] EUR_JPY     MOM=тЬЧ  REV=83%тЬУ  MR=тЬЧ  SC=тЬЧ  тЖТ QUEUED [REVERSAL]
  ЁЯТм EUR_JPY: Reversal pattern spotted (83% confident) тАФ queuing a BUY
  [SCAN] GBP_JPY     MOM=тЬЧ  REV=тЬЧ  MR=тЬЧ  SC=тЬЧ
  ЁЯУЛ Qualified: 1 signal(s) тАФ EUR_JPY BUY reversal 83%
  ЁЯТм Scan complete: found 1 tradeable opportunity this minute. Best signals sorted by confidence тАФ placing now.
  [CHOP MODE 14k] Slots open (5/12) тАФ rescanning in 60s
